<?xml version="1.0" encoding="UTF-8"?>
<!-- Generated by org.testng.reporters.JUnitXMLReporter -->
<testsuite hostname="Piotrek-HP" name="ChromeTest" tests="6" failures="1" timestamp="29 Dec 2016 16:49:51 GMT" time="66.664" errors="0">
  <testcase name="TestSearchByAccountAndExpenditurePayee" time="0.61" classname="tests.TestSearchFilter"/>
  <testcase name="TestSearchByAccountAndExpenditurePayee" time="10.599" classname="tests.TestSearchFilter">
    <failure type="org.openqa.selenium.TimeoutException" message="Expected condition failed: waiting for visibility of all elements located by By.xpath: .//tr[(td[4 and text() = &amp;apos;PowerBill&amp;apos;]) and (td[2 and text() = &amp;apos;Cash&amp;apos;])] (tried for 7 second(s) with 500 MILLISECONDS interval)
Build info: version: &amp;apos;3.0.1&amp;apos;, revision: &amp;apos;1969d75&amp;apos;, time: &amp;apos;2016-10-18 09:49:13 -0700&amp;apos;
System info: host: &amp;apos;Piotrek-HP&amp;apos;, ip: &amp;apos;192.168.1.128&amp;apos;, os.name: &amp;apos;Windows 7&amp;apos;, os.arch: &amp;apos;amd64&amp;apos;, os.version: &amp;apos;6.1&amp;apos;, java.version: &amp;apos;1.8.0_91&amp;apos;
Driver info: org.openqa.selenium.chrome.ChromeDriver
Capabilities [{applicationCacheEnabled=false, rotatable=false, mobileEmulationEnabled=false, networkConnectionEnabled=false, chrome={chromedriverVersion=2.27.440174 (e97a722caafc2d3a8b807ee115bfb307f7d2cfd9), userDataDir=C:\Users\Piotrek\AppData\Local\Temp\scoped_dir4752_9950}, takesHeapSnapshot=true, pageLoadStrategy=normal, databaseEnabled=false, handlesAlerts=true, hasTouchScreen=false, version=55.0.2883.87, platform=XP, browserConnectionEnabled=false, nativeEvents=true, acceptSslCerts=true, locationContextEnabled=true, webStorageEnabled=true, browserName=chrome, takesScreenshot=true, javascriptEnabled=true, cssSelectorsEnabled=true, unexpectedAlertBehaviour=}]
Session ID: cbe7601f8a66f618b7b91edaae08992f">
      <![CDATA[org.openqa.selenium.TimeoutException: Expected condition failed: waiting for visibility of all elements located by By.xpath: .//tr[(td[4 and text() = 'PowerBill']) and (td[2 and text() = 'Cash'])] (tried for 7 second(s) with 500 MILLISECONDS interval)
Build info: version: '3.0.1', revision: '1969d75', time: '2016-10-18 09:49:13 -0700'
System info: host: 'Piotrek-HP', ip: '192.168.1.128', os.name: 'Windows 7', os.arch: 'amd64', os.version: '6.1', java.version: '1.8.0_91'
Driver info: org.openqa.selenium.chrome.ChromeDriver
Capabilities [{applicationCacheEnabled=false, rotatable=false, mobileEmulationEnabled=false, networkConnectionEnabled=false, chrome={chromedriverVersion=2.27.440174 (e97a722caafc2d3a8b807ee115bfb307f7d2cfd9), userDataDir=C:\Users\Piotrek\AppData\Local\Temp\scoped_dir4752_9950}, takesHeapSnapshot=true, pageLoadStrategy=normal, databaseEnabled=false, handlesAlerts=true, hasTouchScreen=false, version=55.0.2883.87, platform=XP, browserConnectionEnabled=false, nativeEvents=true, acceptSslCerts=true, locationContextEnabled=true, webStorageEnabled=true, browserName=chrome, takesScreenshot=true, javascriptEnabled=true, cssSelectorsEnabled=true, unexpectedAlertBehaviour=}]
Session ID: cbe7601f8a66f618b7b91edaae08992f
	at org.openqa.selenium.support.ui.WebDriverWait.timeoutException(WebDriverWait.java:80)
	at org.openqa.selenium.support.ui.FluentWait.until(FluentWait.java:265)
	at tests.TestSearchFilter.TestSearchByAccountAndExpenditurePayee(TestSearchFilter.java:105)
... Removed 24 stack frames]]>
    </failure>
  </testcase> <!-- TestSearchByAccountAndExpenditurePayee -->
  <testcase name="TestSearchByAccountAndExpenditurePayee" time="0.705" classname="tests.TestSearchFilter"/>
  <testcase name="TestSearchByAccountAndExpenditurePayee" time="0.889" classname="tests.TestSearchFilter"/>
  <testcase name="TestSearchByAccountAndExpenditurePayee" time="0.832" classname="tests.TestSearchFilter"/>
  <testcase name="TestSearchByAccountAndExpenditurePayee" time="0.782" classname="tests.TestSearchFilter"/>
</testsuite> <!-- ChromeTest -->
