<?xml version="1.0" encoding="UTF-8"?>
<!-- Generated by org.testng.reporters.JUnitReportReporter -->
<testsuite hostname="Piotrek-HP" name="tests.TestSearchFilter" tests="18" failures="1" timestamp="29 Dec 2016 16:50:28 GMT" time="185.272" errors="0">
  <testcase name="TestSearchByAccountAndExpenditurePayee" time="5.707" classname="tests.TestSearchFilter"/>
  <testcase name="TestSearchByAccountAndExpenditurePayee" time="13.537" classname="tests.TestSearchFilter"/>
  <testcase name="TestSearchByAccountAndExpenditurePayee" time="5.637" classname="tests.TestSearchFilter"/>
  <testcase name="TestSearchByAccountAndExpenditurePayee" time="5.789" classname="tests.TestSearchFilter"/>
  <testcase name="TestSearchByAccountAndExpenditurePayee" time="8.830" classname="tests.TestSearchFilter"/>
  <testcase name="TestSearchByAccountAndExpenditurePayee" time="12.131" classname="tests.TestSearchFilter"/>
  <testcase name="TestSearchByAccountAndExpenditurePayee" time="18.926" classname="tests.TestSearchFilter">
    <failure type="org.openqa.selenium.TimeoutException" message="Expected condition failed: waiting for visibility of all elements located by By.xpath: .//tr[(td[4 and text() = &#039;PowerBill&#039;]) and (td[2 and text() = &#039;Cash&#039;])] (tried for 7 second(s) with 500 MILLISECONDS interval)
Build info: version: &#039;3.0.1&#039;, revision: &#039;1969d75&#039;, time: &#039;2016-10-18 09:49:13 -0700&#039;
System info: host: &#039;Piotrek-HP&#039;, ip: &#039;192.168.1.128&#039;, os.name: &#039;Windows 7&#039;, os.arch: &#039;amd64&#039;, os.version: &#039;6.1&#039;, java.version: &#039;1.8.0_91&#039;
Driver info: org.openqa.selenium.chrome.ChromeDriver
Capabilities [{applicationCacheEnabled=false, rotatable=false, mobileEmulationEnabled=false, networkConnectionEnabled=false, chrome={chromedriverVersion=2.27.440174 (e97a722caafc2d3a8b807ee115bfb307f7d2cfd9), userDataDir=C:\Users\Piotrek\AppData\Local\Temp\scoped_dir4752_9950}, takesHeapSnapshot=true, pageLoadStrategy=normal, databaseEnabled=false, handlesAlerts=true, hasTouchScreen=false, version=55.0.2883.87, platform=XP, browserConnectionEnabled=false, nativeEvents=true, acceptSslCerts=true, locationContextEnabled=true, webStorageEnabled=true, browserName=chrome, takesScreenshot=true, javascriptEnabled=true, cssSelectorsEnabled=true, unexpectedAlertBehaviour=}]
Session ID: cbe7601f8a66f618b7b91edaae08992f">
      <![CDATA[org.openqa.selenium.TimeoutException: Expected condition failed: waiting for visibility of all elements located by By.xpath: .//tr[(td[4 and text() = 'PowerBill']) and (td[2 and text() = 'Cash'])] (tried for 7 second(s) with 500 MILLISECONDS interval)
Build info: version: '3.0.1', revision: '1969d75', time: '2016-10-18 09:49:13 -0700'
System info: host: 'Piotrek-HP', ip: '192.168.1.128', os.name: 'Windows 7', os.arch: 'amd64', os.version: '6.1', java.version: '1.8.0_91'
Driver info: org.openqa.selenium.chrome.ChromeDriver
Capabilities [{applicationCacheEnabled=false, rotatable=false, mobileEmulationEnabled=false, networkConnectionEnabled=false, chrome={chromedriverVersion=2.27.440174 (e97a722caafc2d3a8b807ee115bfb307f7d2cfd9), userDataDir=C:\Users\Piotrek\AppData\Local\Temp\scoped_dir4752_9950}, takesHeapSnapshot=true, pageLoadStrategy=normal, databaseEnabled=false, handlesAlerts=true, hasTouchScreen=false, version=55.0.2883.87, platform=XP, browserConnectionEnabled=false, nativeEvents=true, acceptSslCerts=true, locationContextEnabled=true, webStorageEnabled=true, browserName=chrome, takesScreenshot=true, javascriptEnabled=true, cssSelectorsEnabled=true, unexpectedAlertBehaviour=}]
Session ID: cbe7601f8a66f618b7b91edaae08992f
	at org.openqa.selenium.support.ui.WebDriverWait.timeoutException(WebDriverWait.java:80)
	at org.openqa.selenium.support.ui.FluentWait.until(FluentWait.java:265)
	at tests.TestSearchFilter.TestSearchByAccountAndExpenditurePayee(TestSearchFilter.java:105)
	at sun.reflect.NativeMethodAccessorImpl.invoke0(Native Method)
	at sun.reflect.NativeMethodAccessorImpl.invoke(Unknown Source)
	at sun.reflect.DelegatingMethodAccessorImpl.invoke(Unknown Source)
	at java.lang.reflect.Method.invoke(Unknown Source)
	at org.testng.internal.MethodInvocationHelper.invokeMethod(MethodInvocationHelper.java:80)
	at org.testng.internal.Invoker.invokeMethod(Invoker.java:714)
	at org.testng.internal.Invoker.invokeTestMethod(Invoker.java:901)
	at org.testng.internal.Invoker.invokeTestMethods(Invoker.java:1231)
	at org.testng.internal.TestMethodWorker.invokeTestMethods(TestMethodWorker.java:127)
	at org.testng.internal.TestMethodWorker.run(TestMethodWorker.java:111)
	at org.testng.TestRunner.privateRun(TestRunner.java:767)
	at org.testng.TestRunner.run(TestRunner.java:617)
	at org.testng.SuiteRunner.runTest(SuiteRunner.java:334)
	at org.testng.SuiteRunner.runSequentially(SuiteRunner.java:329)
	at org.testng.SuiteRunner.privateRun(SuiteRunner.java:291)
	at org.testng.SuiteRunner.run(SuiteRunner.java:240)
	at org.testng.SuiteRunnerWorker.runSuite(SuiteRunnerWorker.java:52)
	at org.testng.SuiteRunnerWorker.run(SuiteRunnerWorker.java:86)
	at org.testng.TestNG.runSuitesSequentially(TestNG.java:1198)
	at org.testng.TestNG.runSuitesLocally(TestNG.java:1123)
	at org.testng.TestNG.run(TestNG.java:1031)
	at org.testng.remote.AbstractRemoteTestNG.run(AbstractRemoteTestNG.java:132)
	at org.testng.remote.RemoteTestNG.initAndRun(RemoteTestNG.java:236)
	at org.testng.remote.RemoteTestNG.main(RemoteTestNG.java:81)
]]>
    </failure>
  </testcase> <!-- TestSearchByAccountAndExpenditurePayee -->
  <testcase name="TestSearchByAccountAndExpenditurePayee" time="9.035" classname="tests.TestSearchFilter"/>
  <testcase name="TestSearchByAccountAndExpenditurePayee" time="5.822" classname="tests.TestSearchFilter"/>
  <testcase name="TestSearchByAccountAndExpenditurePayee" time="6.450" classname="tests.TestSearchFilter"/>
  <testcase name="TestSearchByAccountAndExpenditurePayee" time="13.484" classname="tests.TestSearchFilter"/>
  <testcase name="TestSearchByAccountAndExpenditurePayee" time="10.073" classname="tests.TestSearchFilter"/>
  <testcase name="TestSearchByAccountAndExpenditurePayee" time="6.805" classname="tests.TestSearchFilter"/>
  <testcase name="TestSearchByAccountAndExpenditurePayee" time="13.894" classname="tests.TestSearchFilter"/>
  <testcase name="TestSearchByAccountAndExpenditurePayee" time="15.695" classname="tests.TestSearchFilter"/>
  <testcase name="TestSearchByAccountAndExpenditurePayee" time="12.547" classname="tests.TestSearchFilter"/>
  <testcase name="TestSearchByAccountAndExpenditurePayee" time="13.690" classname="tests.TestSearchFilter"/>
  <testcase name="TestSearchByAccountAndExpenditurePayee" time="7.220" classname="tests.TestSearchFilter"/>
</testsuite> <!-- tests.TestSearchFilter -->
